\BOOKMARK [0][-]{section*.6}{Introduction and SimCenter Goals}{}% 1
\BOOKMARK [-1][-]{part.1}{Part I Hazard Characterization}{}% 2
\BOOKMARK [0][-]{section*.7}{Earthquake - Ground Shaking}{part.1}% 3
\BOOKMARK [1][-]{section.2.1}{Input and Output Data}{section*.7}% 4
\BOOKMARK [1][-]{section.2.2}{Modeling Approaches}{section*.7}% 5
\BOOKMARK [1][-]{section.2.3}{Software and Systems}{section*.7}% 6
\BOOKMARK [0][-]{section*.8}{Earthquake - Surface Fault Rupture}{part.1}% 7
\BOOKMARK [1][-]{section.3.1}{Input and Output Data}{section*.8}% 8
\BOOKMARK [1][-]{section.3.2}{Procedures for Evaluating Surface Ruptures}{section*.8}% 9
\BOOKMARK [1][-]{section.3.3}{Research Gaps and Opportunities}{section*.8}% 10
\BOOKMARK [1][-]{section.3.4}{Software and Systems}{section*.8}% 11
\BOOKMARK [0][-]{section*.9}{Earthquake - Soil Liquefaction}{part.1}% 12
\BOOKMARK [1][-]{section.4.1}{Input and Output Data}{section*.9}% 13
\BOOKMARK [1][-]{section.4.2}{Modeling Approaches}{section*.9}% 14
\BOOKMARK [1][-]{section.4.3}{Research Gaps and Opportunities}{section*.9}% 15
\BOOKMARK [1][-]{section.4.4}{Software and Systems}{section*.9}% 16
\BOOKMARK [0][-]{section*.10}{Earthquake - Slope Stability and Landslides}{part.1}% 17
\BOOKMARK [1][-]{section.5.1}{Input and Output Data}{section*.10}% 18
\BOOKMARK [1][-]{section.5.2}{Procedures for Evaluating Seismic Slope Displacement}{section*.10}% 19
\BOOKMARK [1][-]{section.5.3}{Research Gaps and Opportunities}{section*.10}% 20
\BOOKMARK [1][-]{section.5.4}{Software and Systems}{section*.10}% 21
\BOOKMARK [0][-]{section*.11}{Tropical Cyclone - Wind}{part.1}% 22
\BOOKMARK [1][-]{section.6.1}{Input and Output Data}{section*.11}% 23
\BOOKMARK [1][-]{section.6.2}{Modeling Approaches}{section*.11}% 24
\BOOKMARK [1][-]{section.6.3}{Software and Systems}{section*.11}% 25
\BOOKMARK [0][-]{section*.12}{Tropical Cyclone - Storm Surge}{part.1}% 26
\BOOKMARK [1][-]{section.7.1}{Common Modeling Approaches}{section*.12}% 27
\BOOKMARK [1][-]{section.7.2}{Required Inputs and Resulting Outputs}{section*.12}% 28
\BOOKMARK [1][-]{section.7.3}{Primary Software Environments}{section*.12}% 29
\BOOKMARK [1][-]{section.7.4}{Major Research Gaps}{section*.12}% 30
\BOOKMARK [1][-]{section.7.5}{References}{section*.12}% 31
\BOOKMARK [0][-]{section*.13}{Tsunami - Inundation}{part.1}% 32
\BOOKMARK [1][-]{section.8.1}{Input and Output Data}{section*.13}% 33
\BOOKMARK [1][-]{section.8.2}{Models and Software Systems}{section*.13}% 34
\BOOKMARK [1][-]{section.8.3}{Major Research Gaps and Needs}{section*.13}% 35
\BOOKMARK [-1][-]{part.2}{Part II Response Estimation}{}% 36
\BOOKMARK [0][-]{section*.14}{Structural Systems}{part.2}% 37
\BOOKMARK [1][-]{section.9.1}{Input and Output Data}{section*.14}% 38
\BOOKMARK [1][-]{section.9.2}{Modeling Approaches}{section*.14}% 39
\BOOKMARK [1][-]{section.9.3}{Software and Sytems}{section*.14}% 40
\BOOKMARK [1][-]{section.9.4}{Research Gaps and Needs}{section*.14}% 41
\BOOKMARK [0][-]{section*.15}{Geotechnical Systems}{part.2}% 42
\BOOKMARK [1][-]{section.10.1}{Numerical Methods}{section*.15}% 43
\BOOKMARK [1][-]{section.10.2}{Coupled Fluid-Solid Formulations}{section*.15}% 44
\BOOKMARK [1][-]{section.10.3}{Treatment of Soil-Foundation Interfaces}{section*.15}% 45
\BOOKMARK [1][-]{section.10.4}{Soil Constitutive Modeling}{section*.15}% 46
\BOOKMARK [1][-]{section.10.5}{Boundary and Loading Conditions}{section*.15}% 47
\BOOKMARK [1][-]{section.10.6}{Initial Conditions}{section*.15}% 48
\BOOKMARK [1][-]{section.10.7}{Verification and validation}{section*.15}% 49
\BOOKMARK [1][-]{section.10.8}{Research Gaps and Needs}{section*.15}% 50
\BOOKMARK [1][-]{section.10.9}{Software and Systems}{section*.15}% 51
\BOOKMARK [0][-]{section*.16}{Computational Fluid Dynamics - Wind}{part.2}% 52
\BOOKMARK [1][-]{section.11.1}{Challenges of CFD}{section*.16}% 53
\BOOKMARK [1][-]{section.11.2}{Modeling of Flow around Structures}{section*.16}% 54
\BOOKMARK [1][-]{section.11.3}{Inflow Turbulence Generation}{section*.16}% 55
\BOOKMARK [1][-]{section.11.4}{Computational Details and Post-Processing}{section*.16}% 56
\BOOKMARK [1][-]{section.11.5}{Verification and Validation}{section*.16}% 57
\BOOKMARK [1][-]{section.11.6}{Future Directions}{section*.16}% 58
\BOOKMARK [0][-]{section*.17}{Computational Fluid Dynamics - Water}{part.2}% 59
\BOOKMARK [1][-]{section.12.1}{Input and Output Data}{section*.17}% 60
\BOOKMARK [1][-]{section.12.2}{Models and Software Systems}{section*.17}% 61
\BOOKMARK [1][-]{section.12.3}{Major Research Gaps and Needs}{section*.17}% 62
\BOOKMARK [-1][-]{part.3}{Part III Performance Assessment}{}% 63
\BOOKMARK [0][-]{section*.18}{Buildings}{part.3}% 64
\BOOKMARK [1][-]{section.13.1}{Input and Output Data}{section*.18}% 65
\BOOKMARK [1][-]{section.13.2}{Modeling Approaches}{section*.18}% 66
\BOOKMARK [1][-]{section.13.3}{Software and Systems}{section*.18}% 67
\BOOKMARK [0][-]{section*.19}{Transportation Networks}{part.3}% 68
\BOOKMARK [1][-]{section.14.1}{Input and Output Data}{section*.19}% 69
\BOOKMARK [1][-]{section.14.2}{Modeling Approaches}{section*.19}% 70
\BOOKMARK [1][-]{section.14.3}{Software and Systems}{section*.19}% 71
\BOOKMARK [1][-]{section.14.4}{Research Gaps and Needs}{section*.19}% 72
\BOOKMARK [0][-]{section*.20}{Water, Sewer, and Gas Pipelines}{part.3}% 73
\BOOKMARK [1][-]{section.15.1}{Input and Output Data}{section*.20}% 74
\BOOKMARK [1][-]{section.15.2}{Modeling Approaches}{section*.20}% 75
\BOOKMARK [1][-]{section.15.3}{Software Systems}{section*.20}% 76
\BOOKMARK [1][-]{section.15.4}{Research Gaps and Needs}{section*.20}% 77
\BOOKMARK [1][-]{section.15.5}{References}{section*.20}% 78
\BOOKMARK [0][-]{section*.21}{Electrical Transmission Substations and Lines}{part.3}% 79
\BOOKMARK [1][-]{section.16.1}{Input and Output Data}{section*.21}% 80
\BOOKMARK [1][-]{section.16.2}{Modeling Approaches}{section*.21}% 81
\BOOKMARK [1][-]{section.16.3}{Software Systems}{section*.21}% 82
\BOOKMARK [1][-]{section.16.4}{Research Gaps and Needs}{section*.21}% 83
\BOOKMARK [1][-]{section.16.5}{References}{section*.21}% 84
\BOOKMARK [-1][-]{part.4}{Part IV Recovery Modeling}{}% 85
\BOOKMARK [0][-]{section*.22}{Communities}{part.4}% 86
\BOOKMARK [1][-]{section.17.1}{Concepts in Community Recovery Modeling}{section*.22}% 87
\BOOKMARK [1][-]{section.17.2}{Major Research Gaps and Needs}{section*.22}% 88
\BOOKMARK [1][-]{section.17.3}{Software and Systems}{section*.22}% 89
\BOOKMARK [0][-]{section*.23}{Infrastructure Systems}{part.4}% 90
\BOOKMARK [1][-]{section.18.1}{Input and Output Data}{section*.23}% 91
\BOOKMARK [1][-]{section.18.2}{Concepts in Critical Infrastructure Modeling}{section*.23}% 92
\BOOKMARK [1][-]{section.18.3}{Major Research Gaps and Needs}{section*.23}% 93
\BOOKMARK [0][-]{section*.24}{Housing}{part.4}% 94
\BOOKMARK [1][-]{section.19.1}{Input and Output Data}{section*.24}% 95
\BOOKMARK [1][-]{section.19.2}{Concepts in Housing Recovery Modeling}{section*.24}% 96
\BOOKMARK [1][-]{section.19.3}{Major Research Gaps and Needs}{section*.24}% 97
\BOOKMARK [0][-]{section*.25}{Businesses}{part.4}% 98
\BOOKMARK [1][-]{section.20.1}{Input and Output Data}{section*.25}% 99
\BOOKMARK [1][-]{section.20.2}{Concepts in Business Recovery Modeling}{section*.25}% 100
\BOOKMARK [1][-]{section.20.3}{Major Research Gaps}{section*.25}% 101
\BOOKMARK [-1][-]{part.5}{Part V Cross-cutting methodologies}{}% 102
\BOOKMARK [0][-]{section*.26}{Uncertainty Quantification}{part.5}% 103
\BOOKMARK [1][-]{section.21.1}{Uncertainty Characterization}{section*.26}% 104
\BOOKMARK [1][-]{section.21.2}{Uncertainty Propagation}{section*.26}% 105
\BOOKMARK [1][-]{section.21.3}{Model Calibration and Bayesian Inference}{section*.26}% 106
\BOOKMARK [1][-]{section.21.4}{Design under Uncertainty}{section*.26}% 107
\BOOKMARK [1][-]{section.21.5}{Relevant Software}{section*.26}% 108
\BOOKMARK [1][-]{section.21.6}{References}{section*.26}% 109
\BOOKMARK [0][-]{section*.27}{Artificial Intelligence and Machine Learning}{part.5}% 110
\BOOKMARK [1][-]{section.22.1}{Overview of AI/ML methods}{section*.27}% 111
\BOOKMARK [1][-]{section.22.2}{AI/ML in Natural Hazards Engineering}{section*.27}% 112
\BOOKMARK [1][-]{section.22.3}{SimCenter's Ongoing AI/ML Efforts}{section*.27}% 113
\BOOKMARK [1][-]{section.22.4}{Research Challenges and Opportunities}{section*.27}% 114
\BOOKMARK [1][-]{section.22.5}{Summary and Discussion}{section*.27}% 115
\BOOKMARK [1][-]{section.22.6}{Relevant AI/ML Software}{section*.27}% 116
\BOOKMARK [1][-]{section.22.7}{References}{section*.27}% 117
\BOOKMARK [-1][-]{part.6}{Part VI Appendix}{}% 118
\BOOKMARK [0][-]{chapter.1}{List of Software Tools}{part.6}% 119
\BOOKMARK [1][-]{section.1.1}{Hazard Characterization}{chapter.1}% 120
\BOOKMARK [1][-]{section.1.2}{Response Estimation}{chapter.1}% 121
\BOOKMARK [1][-]{section.1.3}{Performance of the Built Environment}{chapter.1}% 122
\BOOKMARK [1][-]{section.1.4}{Recovery Simulation}{chapter.1}% 123
\BOOKMARK [1][-]{section.1.5}{Uncertainty Quantification}{chapter.1}% 124
\BOOKMARK [1][-]{section.1.6}{Artificial Intelligence and Machine Learning}{chapter.1}% 125
\BOOKMARK [0][-]{chapter*.28}{Glossary}{part.6}% 126
\BOOKMARK [0][-]{chapter*.34}{References}{part.6}% 127
