This is pdfTeX, Version 3.14159265-2.6-1.40.21 (TeX Live 2020) (preloaded format=pdflatex 2020.9.2)  12 NOV 2020 17:33
entering extended mode
 restricted \write18 enabled.
 %&-line parsing enabled.
**./editor.tex
(./editor.tex
LaTeX2e <2020-02-02> patch level 5
L3 programming layer <2020-08-07> (../texmf/tex/latex/svmult/svmult.cls
Document Class: svmult 2018/01/11 v5.5 
Springer Verlag global LaTeX document class for multi authored books

Class Springer-SVMult Warning: Specified option or subpackage "tocaftauthskip" 

(Springer-SVMult)              not found - passing it to article class 
(Springer-SVMult)              - on input line 221.

Class Springer-SVMult Info: extra/valid Springer sub-package 
(Springer-SVMult)           not found in option list - using "global" style.
(/home/claudio/texlive/2020/texmf-dist/tex/latex/base/article.cls
Document Class: article 2019/12/20 v1.4l Standard LaTeX document class
(/home/claudio/texlive/2020/texmf-dist/tex/latex/base/size10.clo
File: size10.clo 2019/12/20 v1.4l Standard LaTeX file (size option)
)
\c@part=\count168
\c@section=\count169
\c@subsection=\count170
\c@subsubsection=\count171
\c@paragraph=\count172
\c@subparagraph=\count173
\c@figure=\count174
\c@table=\count175
\abovecaptionskip=\skip47
\belowcaptionskip=\skip48
\bibindent=\dimen134
)
\svparindent=\dimen135
\bibindent=\dimen136
\betweenumberspace=\dimen137
\headlineindent=\dimen138


LaTeX Font Warning: Font shape `OT1/cmr/m/n' in size <11.5> not available
(Font)              size <12> substituted on input line 274.

\minitoc=\write3
\c@minitocdepth=\count176
\c@chapter=\count177
\mottowidth=\dimen139
\svitemindent=\dimen140
\verbatimindent=\dimen141
LaTeX Font Info:    Redeclaring math symbol \Gamma on input line 971.
LaTeX Font Info:    Redeclaring math symbol \Delta on input line 972.
LaTeX Font Info:    Redeclaring math symbol \Theta on input line 973.
LaTeX Font Info:    Redeclaring math symbol \Lambda on input line 974.
LaTeX Font Info:    Redeclaring math symbol \Xi on input line 975.
LaTeX Font Info:    Redeclaring math symbol \Pi on input line 976.
LaTeX Font Info:    Redeclaring math symbol \Sigma on input line 977.
LaTeX Font Info:    Redeclaring math symbol \Upsilon on input line 978.
LaTeX Font Info:    Redeclaring math symbol \Phi on input line 979.
LaTeX Font Info:    Redeclaring math symbol \Psi on input line 980.
LaTeX Font Info:    Redeclaring math symbol \Omega on input line 981.
\tocchpnum=\dimen142
\tocsecnum=\dimen143
\tocsectotal=\dimen144
\tocsubsecnum=\dimen145
\tocsubsectotal=\dimen146
\tocsubsubsecnum=\dimen147
\tocsubsubsectotal=\dimen148
\tocparanum=\dimen149
\tocparatotal=\dimen150
\tocsubparanum=\dimen151
\foot@parindent=\dimen152
\spthmsep=\dimen153
\c@theorem=\count178
\c@case=\count179
\c@conjecture=\count180
\c@corollary=\count181
\c@definition=\count182
\c@example=\count183
\c@exercise=\count184
\c@lemma=\count185
\c@note=\count186
\c@problem=\count187
\c@property=\count188
\c@proposition=\count189
\c@question=\count190
\c@solution=\count191
\c@remark=\count192
\c@prob=\count193
\instindent=\dimen154
\figgap=\dimen155
\bildb@x=\box45
\figcapgap=\dimen156
\tabcapgap=\dimen157
\c@merk=\count194
\c@@inst=\count195
\c@@auth=\count196
\c@auco=\count197
\instindent=\dimen158
\authrun=\box46
\authorrunning=\toks15
\tocauthor=\toks16
\titrun=\box47
\titlerunning=\toks17
\toctitle=\toks18
\c@contribution=\count198
LaTeX Info: Redefining \abstract on input line 2329.
(/home/claudio/texlive/2020/texmf-dist/tex/latex/xcolor/xcolor.sty
Package: xcolor 2016/05/11 v2.12 LaTeX color extensions (UK)

(/home/claudio/texlive/2020/texmf-dist/tex/latex/graphics-cfg/color.cfg
File: color.cfg 2016/01/02 v1.6 sample color configuration
)
Package xcolor Info: Driver file: pdftex.def on input line 225.

(/home/claudio/texlive/2020/texmf-dist/tex/latex/graphics-def/pdftex.def
File: pdftex.def 2020/08/26 v1.2 Graphics/color driver for pdftex
)
Package xcolor Info: Model `cmy' substituted by `cmy0' on input line 1348.
Package xcolor Info: Model `hsb' substituted by `rgb' on input line 1352.
Package xcolor Info: Model `RGB' extended on input line 1364.
Package xcolor Info: Model `HTML' substituted by `rgb' on input line 1366.
Package xcolor Info: Model `Hsb' substituted by `hsb' on input line 1367.
Package xcolor Info: Model `tHsb' substituted by `hsb' on input line 1368.
Package xcolor Info: Model `HSB' substituted by `hsb' on input line 1369.
Package xcolor Info: Model `Gray' substituted by `gray' on input line 1370.
Package xcolor Info: Model `wave' substituted by `hsb' on input line 1371.

(/home/claudio/texlive/2020/texmf-dist/tex/latex/xcolor/x11nam.def
File: x11nam.def 2016/05/11 v2.12 Predefined colors according to Unix/X11 (UK)
))
(../texmf/tex/latex/ntheorem/ntheorem.sty
Style `ntheorem', Version 1.33 <2011/08/15>
Package: ntheorem 2011/08/15 1.33
(/home/claudio/texlive/2020/texmf-dist/tex/latex/base/ifthen.sty
Package: ifthen 2014/09/29 v1.1c Standard LaTeX ifthen package (DPC)
)
\theorem@style=\toks19
\theorem@@style=\toks20
\theorembodyfont=\toks21
\theoremnumbering=\toks22
\theorempreskipamount=\skip49
\theorempostskipamount=\skip50
\theoremframepreskipamount=\skip51
\theoremframepostskipamount=\skip52
\theoreminframepreskipamount=\skip53
\theoreminframepostskipamount=\skip54
\theorem@preskip=\toks23
\theorem@postskip=\toks24
\theorem@framepreskip=\toks25
\theorem@framepostskip=\toks26
\theorem@inframepreskip=\toks27
\theorem@inframepostskip=\toks28
\theoremindent=\dimen159
\theorem@indent=\dimen160
\theoremrightindent=\dimen161
\theorem@rightindent=\dimen162
\theoremheaderfont=\toks29
\theoremseparator=\toks30
\theoremprework=\toks31
\theorempostwork=\toks32
\theoremsymbol=\toks33
\qedsymbol=\toks34
\theoremkeyword=\toks35
\qedsymbol=\toks36
\thm@topsep=\skip55
\thm@topsepadd=\skip56
Package ntheorem Info: Option `thmmarks' loaded on input line 1175.
\c@endNonectr=\count199
\c@currNonectr=\count266
\mysavskip=\skip57
Package ntheorem Info: Option `thref' loaded on input line 1175.
\mysavskip=\skip58
)
\c@currproofctr=\count267
\c@endproofctr=\count268
\c@proof=\count269
)
(../texmf/tex/latex/framed/framed.sty
Package: framed 2011/10/22 v 0.96: framed or shaded text with page breaks
\OuterFrameSep=\skip59
\fb@frw=\dimen163
\fb@frh=\dimen164
\FrameRule=\dimen165
\FrameSep=\dimen166
)
(/home/claudio/texlive/2020/texmf-dist/tex/latex/geometry/geometry.sty
Package: geometry 2020/01/02 v5.9 Page Geometry

(/home/claudio/texlive/2020/texmf-dist/tex/latex/graphics/keyval.sty
Package: keyval 2014/10/28 v1.15 key=value parser (DPC)
\KV@toks@=\toks37
)
(/home/claudio/texlive/2020/texmf-dist/tex/generic/iftex/ifvtex.sty
Package: ifvtex 2019/10/25 v1.7 ifvtex legacy package. Use iftex instead.

(/home/claudio/texlive/2020/texmf-dist/tex/generic/iftex/iftex.sty
Package: iftex 2020/03/06 v1.0d TeX engine tests
))
\Gm@cnth=\count270
\Gm@cntv=\count271
\c@Gm@tempcnt=\count272
\Gm@bindingoffset=\dimen167
\Gm@wd@mp=\dimen168
\Gm@odd@mp=\dimen169
\Gm@even@mp=\dimen170
\Gm@layoutwidth=\dimen171
\Gm@layoutheight=\dimen172
\Gm@layouthoffset=\dimen173
\Gm@layoutvoffset=\dimen174
\Gm@dimlist=\toks38
)
(/home/claudio/texlive/2020/texmf-dist/tex/latex/natbib/natbib.sty
Package: natbib 2010/09/13 8.31b (PWD, AO)
\bibhang=\skip60
\bibsep=\skip61
LaTeX Info: Redefining \cite on input line 694.
\c@NAT@ctr=\count273
)
(../texmf/tex/latex/comment/comment.sty
\CommentStream=\write4
 Excluding comment 'comment')
(/home/claudio/texlive/2020/texmf-dist/tex/latex/base/makeidx.sty
Package: makeidx 2014/09/29 v1.0m Standard LaTeX package
)
(/home/claudio/texlive/2020/texmf-dist/tex/latex/graphics/graphicx.sty
Package: graphicx 2019/11/30 v1.2a Enhanced LaTeX Graphics (DPC,SPQR)

(/home/claudio/texlive/2020/texmf-dist/tex/latex/graphics/graphics.sty
Package: graphics 2019/11/30 v1.4a Standard LaTeX Graphics (DPC,SPQR)

(/home/claudio/texlive/2020/texmf-dist/tex/latex/graphics/trig.sty
Package: trig 2016/01/03 v1.10 sin cos tan (DPC)
)
(/home/claudio/texlive/2020/texmf-dist/tex/latex/graphics-cfg/graphics.cfg
File: graphics.cfg 2016/06/04 v1.11 sample graphics configuration
)
Package graphics Info: Driver file: pdftex.def on input line 105.
)
\Gin@req@height=\dimen175
\Gin@req@width=\dimen176
)
(/home/claudio/texlive/2020/texmf-dist/tex/latex/tools/multicol.sty
Package: multicol 2019/12/09 v1.8y multicolumn formatting (FMi)
\c@tracingmulticols=\count274
\mult@box=\box48
\multicol@leftmargin=\dimen177
\c@unbalance=\count275
\c@collectmore=\count276
\doublecol@number=\count277
\multicoltolerance=\count278
\multicolpretolerance=\count279
\full@width=\dimen178
\page@free=\dimen179
\premulticols=\dimen180
\postmulticols=\dimen181
\multicolsep=\skip62
\multicolbaselineskip=\skip63
\partial@page=\box49
\last@line=\box50
\maxbalancingoverflow=\dimen182
\mult@rightbox=\box51
\mult@grightbox=\box52
\mult@gfirstbox=\box53
\mult@firstbox=\box54
\@tempa=\box55
\@tempa=\box56
\@tempa=\box57
\@tempa=\box58
\@tempa=\box59
\@tempa=\box60
\@tempa=\box61
\@tempa=\box62
\@tempa=\box63
\@tempa=\box64
\@tempa=\box65
\@tempa=\box66
\@tempa=\box67
\@tempa=\box68
\@tempa=\box69
\@tempa=\box70
\@tempa=\box71
\@tempa=\box72
\@tempa=\box73
\@tempa=\box74
\@tempa=\box75
\@tempa=\box76
\@tempa=\box77
\@tempa=\box78
\@tempa=\box79
\@tempa=\box80
\@tempa=\box81
\@tempa=\box82
\@tempa=\box83
\@tempa=\box84
\@tempa=\box85
\@tempa=\box86
\@tempa=\box87
\@tempa=\box88
\@tempa=\box89
\@tempa=\box90
\@tempa=\box91
\c@minrows=\count280
\c@columnbadness=\count281
\c@finalcolumnbadness=\count282
\last@try=\dimen183
\multicolovershoot=\dimen184
\multicolundershoot=\dimen185
\mult@nat@firstbox=\box92
\colbreak@box=\box93
\mc@col@check@num=\count283
)
(../texmf/tex/latex/footmisc/footmisc.sty
Package: footmisc 2011/06/06 v5.5b a miscellany of footnote facilities
\FN@temptoken=\toks39
\footnotemargin=\dimen186
\c@pp@next@reset=\count284
Package footmisc Info: Declaring symbol style bringhurst on input line 855.
Package footmisc Info: Declaring symbol style chicago on input line 863.
Package footmisc Info: Declaring symbol style wiley on input line 872.
Package footmisc Info: Declaring symbol style lamport-robust on input line 883.

Package footmisc Info: Declaring symbol style lamport* on input line 903.
Package footmisc Info: Declaring symbol style lamport*-robust on input line 924
.
)
(/home/claudio/texlive/2020/texmf-dist/tex/latex/newtx/newtxtext.sty
Package: newtxtext 2020/09/19 v1.630

`newtxtext' v1.630, 2020/09/19 Text macros taking advantage of TeX-Gyre Termes 
fonts (msharpe)
(/home/claudio/texlive/2020/texmf-dist/tex/latex/fontaxes/fontaxes.sty
Package: fontaxes 2020/07/21 v1.0e Font selection axes
LaTeX Info: Redefining \upshape on input line 29.
LaTeX Info: Redefining \itshape on input line 31.
LaTeX Info: Redefining \slshape on input line 33.
LaTeX Info: Redefining \swshape on input line 35.
LaTeX Info: Redefining \scshape on input line 37.
LaTeX Info: Redefining \sscshape on input line 39.
LaTeX Info: Redefining \ulcshape on input line 41.
LaTeX Info: Redefining \textsw on input line 47.
LaTeX Info: Redefining \textssc on input line 48.
LaTeX Info: Redefining \textulc on input line 49.
)
\ntx@fs=\dimen187

(/home/claudio/texlive/2020/texmf-dist/tex/latex/xkeyval/xkeyval.sty
Package: xkeyval 2014/12/03 v2.7a package option processing (HA)

(/home/claudio/texlive/2020/texmf-dist/tex/generic/xkeyval/xkeyval.tex
(/home/claudio/texlive/2020/texmf-dist/tex/generic/xkeyval/xkvutils.tex
\XKV@toks=\toks40
\XKV@tempa@toks=\toks41
)
\XKV@depth=\count285
File: xkeyval.tex 2014/12/03 v2.7a key=value parser (HA)
))
(/home/claudio/texlive/2020/texmf-dist/tex/latex/etoolbox/etoolbox.sty
Package: etoolbox 2020/08/24 v2.5j e-TeX tools for LaTeX (JAW)
\etb@tempcnta=\count286
)
(../texmf/tex/generic/xstring/xstring.sty
(../texmf/tex/generic/xstring/xstring.tex
\integerpart=\count287
\decimalpart=\count288
)
Package: xstring 2019/02/06 v1.83 String manipulations (CT)
)
(/home/claudio/texlive/2020/texmf-dist/tex/latex/carlisle/scalefnt.sty)
(/home/claudio/texlive/2020/texmf-dist/tex/latex/base/fontenc.sty
Package: fontenc 2020/02/11 v2.0o Standard LaTeX package
LaTeX Font Info:    Trying to load font information for T1+ntxtlf on input line
 112.

(/home/claudio/texlive/2020/texmf-dist/tex/latex/newtx/t1ntxtlf.fd
File: t1ntxtlf.fd 2015/01/17 v1.0 font definition file for T1/ntx/tlf
)
LaTeX Font Info:    Font shape `T1/ntxtlf/m/n' will be
(Font)              scaled to size 11.5pt on input line 112.
)
(/home/claudio/texlive/2020/texmf-dist/tex/latex/base/textcomp.sty
Package: textcomp 2020/02/02 v2.0n Standard LaTeX package
LaTeX Font Info:    Changing ? sub-encoding to TS1/0 on input line 75.
)
\ntxt@cntz=\count289
LaTeX Font Info:    Redeclaring math symbol \mathsterling on input line 316.
)
(/home/claudio/texlive/2020/texmf-dist/tex/latex/newtx/newtxmath.sty
Package: newtxmath 2020/09/19 v1.630

`newtxmath' v1.630, 2020/09/19 Math macros based originally on txfonts (msharpe
) (/home/claudio/texlive/2020/texmf-dist/tex/latex/amsmath/amsmath.sty
Package: amsmath 2020/01/20 v2.17e AMS math features
\@mathmargin=\skip64

For additional information on amsmath, use the `?' option.
(/home/claudio/texlive/2020/texmf-dist/tex/latex/amsmath/amstext.sty
Package: amstext 2000/06/29 v2.01 AMS text

(/home/claudio/texlive/2020/texmf-dist/tex/latex/amsmath/amsgen.sty
File: amsgen.sty 1999/11/30 v2.0 generic functions
\@emptytoks=\toks42
\ex@=\dimen188
))
(/home/claudio/texlive/2020/texmf-dist/tex/latex/amsmath/amsbsy.sty
Package: amsbsy 1999/11/29 v1.2d Bold Symbols
\pmbraise@=\dimen189
)
(/home/claudio/texlive/2020/texmf-dist/tex/latex/amsmath/amsopn.sty
Package: amsopn 2016/03/08 v2.02 operator names
)
\inf@bad=\count290
LaTeX Info: Redefining \frac on input line 227.
\uproot@=\count291
\leftroot@=\count292
LaTeX Info: Redefining \overline on input line 389.
\classnum@=\count293
\DOTSCASE@=\count294
LaTeX Info: Redefining \ldots on input line 486.
LaTeX Info: Redefining \dots on input line 489.
LaTeX Info: Redefining \cdots on input line 610.
\Mathstrutbox@=\box94
\strutbox@=\box95
\big@size=\dimen190
LaTeX Font Info:    Redeclaring font encoding OML on input line 733.
LaTeX Font Info:    Redeclaring font encoding OMS on input line 734.
\macc@depth=\count295
\c@MaxMatrixCols=\count296
\dotsspace@=\muskip16
\c@parentequation=\count297
\dspbrk@lvl=\count298
\tag@help=\toks43
\row@=\count299
\column@=\count300
\maxfields@=\count301
\andhelp@=\toks44
\eqnshift@=\dimen191
\alignsep@=\dimen192
\tagshift@=\dimen193
\tagwidth@=\dimen194
\totwidth@=\dimen195
\lineht@=\dimen196
\@envbody=\toks45
\multlinegap=\skip65
\multlinetaggap=\skip66
\mathdisplay@stack=\toks46
LaTeX Info: Redefining \[ on input line 2859.
LaTeX Info: Redefining \] on input line 2860.
)
(/home/claudio/texlive/2020/texmf-dist/tex/generic/iftex/ifxetex.sty
Package: ifxetex 2019/10/25 v0.7 ifxetex legacy package. Use iftex instead.
)
(/home/claudio/texlive/2020/texmf-dist/tex/generic/iftex/ifluatex.sty
Package: ifluatex 2019/10/25 v1.5 ifluatex legacy package. Use iftex instead.
)
(/home/claudio/texlive/2020/texmf-dist/tex/latex/oberdiek/centernot.sty
Package: centernot 2016/05/16 v1.4 Centers the not symbol horizontally (HO)
)
\tx@cntz=\count302

(/home/claudio/texlive/2020/texmf-dist/tex/generic/kastrup/binhex.tex)
\tx@Isdigit=\count303
\tx@IsAlNum=\count304
\tx@tA=\toks47
\tx@tB=\toks48
\tx@su=\read2
LaTeX Font Info:    Redeclaring symbol font `operators' on input line 360.
LaTeX Font Info:    Overwriting symbol font `operators' in version `normal'
(Font)                  OT1/cmr/m/n --> OT1/ntxtlf/m/n on input line 360.
LaTeX Font Info:    Overwriting symbol font `operators' in version `bold'
(Font)                  OT1/cmr/bx/n --> OT1/ntxtlf/m/n on input line 360.
LaTeX Font Info:    Overwriting symbol font `operators' in version `bold'
(Font)                  OT1/ntxtlf/m/n --> OT1/ntxtlf/b/n on input line 361.
LaTeX Font Info:    Redeclaring math alphabet \mathsf on input line 369.
LaTeX Font Info:    Overwriting math alphabet `\mathsf' in version `normal'
(Font)                  OT1/cmss/m/n --> T1/qhv/m/n on input line 369.
LaTeX Font Info:    Overwriting math alphabet `\mathsf' in version `bold'
(Font)                  OT1/cmss/bx/n --> T1/qhv/m/n on input line 369.
LaTeX Font Info:    Redeclaring math alphabet \mathit on input line 370.
LaTeX Font Info:    Overwriting math alphabet `\mathit' in version `normal'
(Font)                  OT1/cmr/m/it --> OT1/ntxtlf/m/it on input line 370.
LaTeX Font Info:    Overwriting math alphabet `\mathit' in version `bold'
(Font)                  OT1/cmr/bx/it --> OT1/ntxtlf/m/it on input line 370.
LaTeX Font Info:    Redeclaring math alphabet \mathtt on input line 371.
LaTeX Font Info:    Overwriting math alphabet `\mathtt' in version `normal'
(Font)                  OT1/cmtt/m/n --> T1/ntxtt/m/n on input line 371.
LaTeX Font Info:    Overwriting math alphabet `\mathtt' in version `bold'
(Font)                  OT1/cmtt/m/n --> T1/ntxtt/m/n on input line 371.
LaTeX Font Info:    Redeclaring math alphabet \mathbf on input line 373.
LaTeX Font Info:    Overwriting math alphabet `\mathbf' in version `normal'
(Font)                  OT1/cmr/bx/n --> OT1/ntxtlf/b/n on input line 373.
LaTeX Font Info:    Overwriting math alphabet `\mathbf' in version `bold'
(Font)                  OT1/cmr/bx/n --> OT1/ntxtlf/b/n on input line 373.
LaTeX Font Info:    Overwriting math alphabet `\mathit' in version `bold'
(Font)                  OT1/ntxtlf/m/it --> OT1/ntxtlf/b/it on input line 374.
LaTeX Font Info:    Overwriting math alphabet `\mathsf' in version `bold'
(Font)                  T1/qhv/m/n --> T1/qhv/b/n on input line 375.
LaTeX Font Info:    Overwriting math alphabet `\mathtt' in version `bold'
(Font)                  T1/ntxtt/m/n --> T1/ntxtt/b/n on input line 376.
LaTeX Font Info:    Redeclaring symbol font `letters' on input line 477.
LaTeX Font Info:    Overwriting symbol font `letters' in version `normal'
(Font)                  OML/cmm/m/it --> OML/ntxmi/m/it on input line 477.
LaTeX Font Info:    Overwriting symbol font `letters' in version `bold'
(Font)                  OML/cmm/b/it --> OML/ntxmi/m/it on input line 477.
LaTeX Font Info:    Overwriting symbol font `letters' in version `bold'
(Font)                  OML/ntxmi/m/it --> OML/ntxmi/b/it on input line 478.
\symlettersA=\mathgroup4
LaTeX Font Info:    Overwriting symbol font `lettersA' in version `bold'
(Font)                  U/ntxmia/m/it --> U/ntxmia/b/it on input line 535.
Now handling font encoding LMS ...
... no UTF-8 mapping file for font encoding LMS
LaTeX Font Info:    Redeclaring symbol font `symbols' on input line 556.
LaTeX Font Info:    Encoding `OMS' has changed to `LMS' for symbol font
(Font)              `symbols' in the math version `normal' on input line 556.
LaTeX Font Info:    Overwriting symbol font `symbols' in version `normal'
(Font)                  OMS/cmsy/m/n --> LMS/ntxsy/m/n on input line 556.
LaTeX Font Info:    Encoding `OMS' has changed to `LMS' for symbol font
(Font)              `symbols' in the math version `bold' on input line 556.
LaTeX Font Info:    Overwriting symbol font `symbols' in version `bold'
(Font)                  OMS/cmsy/b/n --> LMS/ntxsy/m/n on input line 556.
LaTeX Font Info:    Overwriting symbol font `symbols' in version `bold'
(Font)                  LMS/ntxsy/m/n --> LMS/ntxsy/b/n on input line 557.
\symAMSm=\mathgroup5
LaTeX Font Info:    Overwriting symbol font `AMSm' in version `bold'
(Font)                  U/ntxsym/m/n --> U/ntxsym/b/n on input line 580.
\symsymbolsC=\mathgroup6
LaTeX Font Info:    Overwriting symbol font `symbolsC' in version `bold'
(Font)                  U/ntxsyc/m/n --> U/ntxsyc/b/n on input line 601.
Now handling font encoding LMX ...
... no UTF-8 mapping file for font encoding LMX
LaTeX Font Info:    Redeclaring symbol font `largesymbols' on input line 614.
LaTeX Font Info:    Encoding `OMX' has changed to `LMX' for symbol font
(Font)              `largesymbols' in the math version `normal' on input line 6
14.
LaTeX Font Info:    Overwriting symbol font `largesymbols' in version `normal'
(Font)                  OMX/cmex/m/n --> LMX/ntxexx/m/n on input line 614.
LaTeX Font Info:    Encoding `OMX' has changed to `LMX' for symbol font
(Font)              `largesymbols' in the math version `bold' on input line 614
.
LaTeX Font Info:    Overwriting symbol font `largesymbols' in version `bold'
(Font)                  OMX/cmex/m/n --> LMX/ntxexx/m/n on input line 614.
LaTeX Font Info:    Overwriting symbol font `largesymbols' in version `bold'
(Font)                  LMX/ntxexx/m/n --> LMX/ntxexx/b/n on input line 615.
\symlargesymbolsTXA=\mathgroup7
LaTeX Font Info:    Overwriting symbol font `largesymbolsTXA' in version `bold'

(Font)                  U/ntxexa/m/n --> U/ntxexa/b/n on input line 629.
\tx@sbptoks=\toks49
LaTeX Font Info:    Redeclaring math delimiter \lfloor on input line 851.
LaTeX Font Info:    Redeclaring math delimiter \rfloor on input line 852.
LaTeX Font Info:    Redeclaring math delimiter \lceil on input line 853.
LaTeX Font Info:    Redeclaring math delimiter \rceil on input line 854.
LaTeX Font Info:    Redeclaring math delimiter \lbrace on input line 855.
LaTeX Font Info:    Redeclaring math delimiter \rbrace on input line 856.
LaTeX Font Info:    Redeclaring math delimiter \langle on input line 857.
LaTeX Font Info:    Redeclaring math delimiter \rangle on input line 859.
LaTeX Font Info:    Redeclaring math delimiter \arrowvert on input line 863.
LaTeX Font Info:    Redeclaring math delimiter \vert on input line 864.
LaTeX Font Info:    Redeclaring math symbol \hbar on input line 910.
LaTeX Font Info:    Redeclaring math accent \dot on input line 935.
LaTeX Font Info:    Redeclaring math accent \ddot on input line 936.
LaTeX Font Info:    Redeclaring math accent \vec on input line 1999.
\ntx@numstart=\count305
\ntx@UCstart=\count306
\ntx@lcstart=\count307
\ntx@tmpc=\count308
\ntx@imath=\count309
\ntx@jmath=\count310
LaTeX Info: Redefining \Bbbk on input line 2510.
LaTeX Info: Redefining \not on input line 2659.
)
(../texmf/tex/latex/placeins/placeins.sty
Package: placeins 2005/04/18  v 2.2
)
(/home/claudio/texlive/2020/texmf-dist/tex/latex/tools/tabularx.sty
Package: tabularx 2020/01/15 v2.11c `tabularx' package (DPC)

(/home/claudio/texlive/2020/texmf-dist/tex/latex/tools/array.sty
Package: array 2019/08/31 v2.4l Tabular extension package (FMi)
\col@sep=\dimen197
\ar@mcellbox=\box96
\extrarowheight=\dimen198
\NC@list=\toks50
\extratabsurround=\skip67
\backup@length=\skip68
\ar@cellbox=\box97
)
\TX@col@width=\dimen199
\TX@old@table=\dimen256
\TX@old@col=\dimen257
\TX@target=\dimen258
\TX@delta=\dimen259
\TX@cols=\count311
\TX@ftn=\toks51
)
(/home/claudio/texlive/2020/texmf-dist/tex/latex/booktabs/booktabs.sty
Package: booktabs 2020/01/12 v1.61803398 Publication quality tables
\heavyrulewidth=\dimen260
\lightrulewidth=\dimen261
\cmidrulewidth=\dimen262
\belowrulesep=\dimen263
\belowbottomsep=\dimen264
\aboverulesep=\dimen265
\abovetopsep=\dimen266
\cmidrulesep=\dimen267
\cmidrulekern=\dimen268
\defaultaddspace=\dimen269
\@cmidla=\count312
\@cmidlb=\count313
\@aboverulesep=\dimen270
\@belowrulesep=\dimen271
\@thisruleclass=\count314
\@lastruleclass=\count315
\@thisrulewidth=\dimen272
)
(../texmf/tex/generic/soul/soul.sty
Package: soul 2003/11/17 v2.4 letterspacing/underlining (mf)
\SOUL@word=\toks52
\SOUL@lasttoken=\toks53
\SOUL@cmds=\toks54
\SOUL@buffer=\toks55
\SOUL@token=\toks56
\SOUL@spaceskip=\skip69
\SOUL@ttwidth=\dimen273
\SOUL@uldp=\dimen274
\SOUL@ulht=\dimen275
)
(/home/claudio/texlive/2020/texmf-dist/tex/latex/hyperref/hyperref.sty
Package: hyperref 2020-05-15 v7.00e Hypertext links for LaTeX

(/home/claudio/texlive/2020/texmf-dist/tex/generic/ltxcmds/ltxcmds.sty
Package: ltxcmds 2019/12/15 v1.24 LaTeX kernel commands for general use (HO)
)
(/home/claudio/texlive/2020/texmf-dist/tex/generic/pdftexcmds/pdftexcmds.sty
Package: pdftexcmds 2020-06-27 v0.33 Utility functions of pdfTeX for LuaTeX (HO
)

(/home/claudio/texlive/2020/texmf-dist/tex/generic/infwarerr/infwarerr.sty
Package: infwarerr 2019/12/03 v1.5 Providing info/warning/error messages (HO)
)
Package pdftexcmds Info: \pdf@primitive is available.
Package pdftexcmds Info: \pdf@ifprimitive is available.
Package pdftexcmds Info: \pdfdraftmode found.
)
(/home/claudio/texlive/2020/texmf-dist/tex/generic/kvsetkeys/kvsetkeys.sty
Package: kvsetkeys 2019/12/15 v1.18 Key value parser (HO)
)
(/home/claudio/texlive/2020/texmf-dist/tex/generic/kvdefinekeys/kvdefinekeys.st
y
Package: kvdefinekeys 2019-12-19 v1.6 Define keys (HO)
) (/home/claudio/texlive/2020/texmf-dist/tex/generic/pdfescape/pdfescape.sty
Package: pdfescape 2019/12/09 v1.15 Implements pdfTeX's escape features (HO)
)
(/home/claudio/texlive/2020/texmf-dist/tex/latex/hycolor/hycolor.sty
Package: hycolor 2020-01-27 v1.10 Color options for hyperref/bookmark (HO)
)
(/home/claudio/texlive/2020/texmf-dist/tex/latex/letltxmacro/letltxmacro.sty
Package: letltxmacro 2019/12/03 v1.6 Let assignment for LaTeX macros (HO)
)
(/home/claudio/texlive/2020/texmf-dist/tex/latex/auxhook/auxhook.sty
Package: auxhook 2019-12-17 v1.6 Hooks for auxiliary files (HO)
)
(/home/claudio/texlive/2020/texmf-dist/tex/latex/kvoptions/kvoptions.sty
Package: kvoptions 2019/11/29 v3.13 Key value format for package options (HO)
)
\@linkdim=\dimen276
\Hy@linkcounter=\count316
\Hy@pagecounter=\count317

(/home/claudio/texlive/2020/texmf-dist/tex/latex/hyperref/pd1enc.def
File: pd1enc.def 2020-05-15 v7.00e Hyperref: PDFDocEncoding definition (HO)
Now handling font encoding PD1 ...
... no UTF-8 mapping file for font encoding PD1
)
(/home/claudio/texlive/2020/texmf-dist/tex/generic/intcalc/intcalc.sty
Package: intcalc 2019/12/15 v1.3 Expandable calculations with integers (HO)
)
(/home/claudio/texlive/2020/texmf-dist/tex/generic/etexcmds/etexcmds.sty
Package: etexcmds 2019/12/15 v1.7 Avoid name clashes with e-TeX commands (HO)
)
\Hy@SavedSpaceFactor=\count318
Package hyperref Info: Hyper figures OFF on input line 4464.
Package hyperref Info: Link nesting OFF on input line 4469.
Package hyperref Info: Hyper index ON on input line 4472.
Package hyperref Info: Plain pages OFF on input line 4479.
Package hyperref Info: Backreferencing OFF on input line 4484.
Package hyperref Info: Implicit mode ON; LaTeX internals redefined.
Package hyperref Info: Bookmarks ON on input line 4717.
\c@Hy@tempcnt=\count319

(/home/claudio/texlive/2020/texmf-dist/tex/latex/url/url.sty
\Urlmuskip=\muskip17
Package: url 2013/09/16  ver 3.4  Verb mode for urls, etc.
)
LaTeX Info: Redefining \url on input line 5076.
\XeTeXLinkMargin=\dimen277

(/home/claudio/texlive/2020/texmf-dist/tex/generic/bitset/bitset.sty
Package: bitset 2019/12/09 v1.3 Handle bit-vector datatype (HO)

(/home/claudio/texlive/2020/texmf-dist/tex/generic/bigintcalc/bigintcalc.sty
Package: bigintcalc 2019/12/15 v1.5 Expandable calculations on big integers (HO
)
))
\Fld@menulength=\count320
\Field@Width=\dimen278
\Fld@charsize=\dimen279
Package hyperref Info: Hyper figures OFF on input line 6347.
Package hyperref Info: Link nesting OFF on input line 6352.
Package hyperref Info: Hyper index ON on input line 6355.
Package hyperref Info: backreferencing OFF on input line 6362.
Package hyperref Info: Link coloring OFF on input line 6367.
Package hyperref Info: Link coloring with OCG OFF on input line 6372.
Package hyperref Info: PDF/A mode OFF on input line 6377.
LaTeX Info: Redefining \ref on input line 6417.
LaTeX Info: Redefining \pageref on input line 6421.

(/home/claudio/texlive/2020/texmf-dist/tex/generic/atbegshi/atbegshi.sty
Package: atbegshi 2019/12/05 v1.19 At begin shipout hook (HO)
)
\Hy@abspage=\count321
\c@Item=\count322
\c@Hfootnote=\count323
)
Package hyperref Info: Driver (autodetected): hpdftex.

(/home/claudio/texlive/2020/texmf-dist/tex/latex/hyperref/hpdftex.def
File: hpdftex.def 2020-05-15 v7.00e Hyperref driver for pdfTeX

(/home/claudio/texlive/2020/texmf-dist/tex/latex/atveryend/atveryend.sty
Package: atveryend 2019-12-11 v1.11 Hooks at the very end of document (HO)
)
\Fld@listcount=\count324
\c@bookmark@seq@number=\count325

(/home/claudio/texlive/2020/texmf-dist/tex/latex/rerunfilecheck/rerunfilecheck.
sty
Package: rerunfilecheck 2019/12/05 v1.9 Rerun checks for auxiliary files (HO)

(/home/claudio/texlive/2020/texmf-dist/tex/generic/uniquecounter/uniquecounter.
sty
Package: uniquecounter 2019/12/15 v1.4 Provide unlimited unique counter (HO)
)
Package uniquecounter Info: New unique counter `rerunfilecheck' on input line 2
86.
)
\Hy@SectionHShift=\skip70
)
\@indexfile=\write5
\openout5 = `editor.idx'.


Writing index file editor.idx
(/home/claudio/texlive/2020/texmf-dist/tex/latex/import/import.sty
Package: import 2020/04/01  v 6.2
)
(/home/claudio/texlive/2020/texmf-dist/tex/latex/l3backend/l3backend-pdfmode.de
f
File: l3backend-pdfmode.def 2020-08-07 L3 backend support: PDF mode
\l__kernel_color_stack_int=\count326
\l__pdf_internal_box=\box98
)

LaTeX Warning: Unused global option(s):
    [tocaftauthskip].

(build/editor.aux (build/editor/preface.aux) (build/editor/acknowledgement.aux)
(build/editor/contriblist.aux) (build/editor/acronym.aux)
(build/editor/introduction.aux) (build/Hazard/main.aux)
(build/Response/main.aux)

LaTeX Warning: Label `sec:eq_landslide_tools' multiply defined.


LaTeX Warning: Label `sec:resp_cfd_wind_flow_modeling' multiply defined.


LaTeX Warning: Label `sec:resp_cfd_wind_flow_modeling' multiply defined.


LaTeX Warning: Label `sec:resp_cfd_wind_flow_modeling' multiply defined.


LaTeX Warning: Label `sec:resp_cfd_wind_flow_modeling' multiply defined.

(build/Performance/main.aux) (build/Recovery/main.aux)
(build/CrossCutting/main.aux) (build/editor/appendix.aux)
(build/editor/glossary.aux))
\openout1 = `editor.aux'.

LaTeX Font Info:    Checking defaults for OML/ntxmi/m/it on input line 64.
LaTeX Font Info:    Trying to load font information for OML+ntxmi on input line
 64.

(/home/claudio/texlive/2020/texmf-dist/tex/latex/newtx/omlntxmi.fd
File: omlntxmi.fd 2015/08/25 Fontinst v1.933 font definitions for OML/ntxmi.
)
LaTeX Font Info:    ... okay on input line 64.
LaTeX Font Info:    Checking defaults for OMS/cmsy/m/n on input line 64.
LaTeX Font Info:    ... okay on input line 64.
LaTeX Font Info:    Checking defaults for OT1/cmr/m/n on input line 64.
LaTeX Font Info:    ... okay on input line 64.
LaTeX Font Info:    Checking defaults for T1/cmr/m/n on input line 64.
LaTeX Font Info:    ... okay on input line 64.
LaTeX Font Info:    Checking defaults for TS1/cmr/m/n on input line 64.
LaTeX Font Info:    ... okay on input line 64.
LaTeX Font Info:    Checking defaults for OMX/cmex/m/n on input line 64.
LaTeX Font Info:    ... okay on input line 64.
LaTeX Font Info:    Checking defaults for U/ntxexa/m/n on input line 64.
LaTeX Font Info:    Trying to load font information for U+ntxexa on input line 
64.

(/home/claudio/texlive/2020/texmf-dist/tex/latex/newtx/untxexa.fd
File: untxexa.fd 2012/04/16 Fontinst v1.933 font definitions for U/ntxexa.
)
LaTeX Font Info:    ... okay on input line 64.
LaTeX Font Info:    Checking defaults for LMS/ntxsy/m/n on input line 64.
LaTeX Font Info:    Trying to load font information for LMS+ntxsy on input line
 64.

(/home/claudio/texlive/2020/texmf-dist/tex/latex/newtx/lmsntxsy.fd
File: lmsntxsy.fd 2016/07/02 Fontinst v1.933 font definitions for LMS/ntxsy.
)
LaTeX Font Info:    ... okay on input line 64.
LaTeX Font Info:    Checking defaults for LMX/ntxexx/m/n on input line 64.
LaTeX Font Info:    Trying to load font information for LMX+ntxexx on input lin
e 64.

(/home/claudio/texlive/2020/texmf-dist/tex/latex/newtx/lmxntxexx.fd
File: lmxntxexx.fd 2016/07/03 Fontinst v1.933 font definitions for LMX/ntxexx.
)
LaTeX Font Info:    ... okay on input line 64.
LaTeX Font Info:    Checking defaults for PD1/pdf/m/n on input line 64.
LaTeX Font Info:    ... okay on input line 64.

(/home/claudio/texlive/2020/texmf-dist/tex/context/base/mkii/supp-pdf.mkii
[Loading MPS to PDF converter (version 2006.09.02).]
\scratchcounter=\count327
\scratchdimen=\dimen280
\scratchbox=\box99
\nofMPsegments=\count328
\nofMParguments=\count329
\everyMPshowfont=\toks57
\MPscratchCnt=\count330
\MPscratchDim=\dimen281
\MPnumerator=\count331
\makeMPintoPDFobject=\count332
\everyMPtoPDFconversion=\toks58
)
(/home/claudio/texlive/2020/texmf-dist/tex/latex/epstopdf-pkg/epstopdf-base.sty
Package: epstopdf-base 2020-01-24 v2.11 Base part for package epstopdf
Package epstopdf-base Info: Redefining graphics rule for `.eps' on input line 4
85.
(/home/claudio/texlive/2020/texmf-dist/tex/latex/latexconfig/epstopdf-sys.cfg
File: epstopdf-sys.cfg 2010/07/13 v1.3 Configuration of (r)epstopdf for TeX Liv
e
))
*geometry* driver: auto-detecting
*geometry* detected driver: pdftex
*geometry* verbose mode - [ preamble ] result:
* driver: pdftex
* paper: letterpaper
* layout: <same size as paper>
* layoutoffset:(h,v)=(0.0pt,0.0pt)
* hratio: 1:1
* modes: twoside heightrounded 
* h-part:(L,W,R)=(92.14519pt, 430.00462pt, 92.14519pt)
* v-part:(T,H,B)=(95.39737pt, 556.47656pt, 143.09605pt)
* \paperwidth=614.295pt
* \paperheight=794.96999pt
* \textwidth=430.00462pt
* \textheight=556.0pt
* \oddsidemargin=19.8752pt
* \evensidemargin=19.8752pt
* \topmargin=-0.87262pt
* \headheight=12.0pt
* \headsep=12.0pt
* \topskip=10.0pt
* \footskip=30.0pt
* \marginparwidth=90.0pt
* \marginparsep=11.0pt
* \columnsep=10.0pt
* \skip\footins=9.0pt plus 4.0pt minus 2.0pt
* \hoffset=0.0pt
* \voffset=0.0pt
* \mag=1000
* \@twocolumnfalse
* \@twosidetrue
* \@mparswitchtrue
* \@reversemarginfalse
* (1in=72.27pt=25.4mm, 1cm=28.453pt)

\c@mv@tabular=\count333
\c@mv@boldtabular=\count334
\AtBeginShipoutBox=\box100
Package hyperref Info: Link coloring OFF on input line 64.
(/home/claudio/texlive/2020/texmf-dist/tex/latex/hyperref/nameref.sty
Package: nameref 2019/09/16 v2.46 Cross-referencing by name of section

(/home/claudio/texlive/2020/texmf-dist/tex/latex/refcount/refcount.sty
Package: refcount 2019/12/15 v3.6 Data extraction from label references (HO)
)
(/home/claudio/texlive/2020/texmf-dist/tex/generic/gettitlestring/gettitlestrin
g.sty
Package: gettitlestring 2019/12/15 v1.6 Cleanup title references (HO)
)
\c@section@level=\count335
)
LaTeX Info: Redefining \ref on input line 64.
LaTeX Info: Redefining \pageref on input line 64.
LaTeX Info: Redefining \nameref on input line 64.
 (build/editor.out) (build/editor.out)
\@outlinefile=\write6
\openout6 = `editor.out'.

\openout2 = `editor/preface.aux'.

 (./editor/preface.tex
LaTeX Font Info:    Font shape `T1/ntxtlf/m/n' will be
(Font)              scaled to size 16.0pt on input line 9.
LaTeX Font Info:    Font shape `T1/ntxtlf/b/n' will be
(Font)              scaled to size 16.0pt on input line 9.
LaTeX Font Info:    Calculating math sizes for size <11.5> on input line 9.
LaTeX Font Info:    Trying to load font information for OT1+ntxtlf on input lin
e 9.

(/home/claudio/texlive/2020/texmf-dist/tex/latex/newtx/ot1ntxtlf.fd
File: ot1ntxtlf.fd 2015/01/17 v1.0 font definition file for OT1/ntx/tlf
)
LaTeX Font Info:    Font shape `OT1/ntxtlf/m/n' will be
(Font)              scaled to size 11.5pt on input line 9.
LaTeX Font Info:    Font shape `OT1/ntxtlf/m/n' will be
(Font)              scaled to size 8.39494pt on input line 9.
LaTeX Font Info:    Font shape `OT1/ntxtlf/m/n' will be
(Font)              scaled to size 6.32503pt on input line 9.
LaTeX Font Info:    Trying to load font information for U+ntxmia on input line 
9.

(/home/claudio/texlive/2020/texmf-dist/tex/latex/newtx/untxmia.fd
File: untxmia.fd 2018/04/14 Fontinst v1.933 font definitions for U/ntxmia.
)
LaTeX Font Info:    Trying to load font information for U+ntxsym on input line 
9.

(/home/claudio/texlive/2020/texmf-dist/tex/latex/newtx/untxsym.fd
File: untxsym.fd 2015/03/20 Fontinst v1.933 font definitions for U/ntxsym.
)
LaTeX Font Info:    Trying to load font information for U+ntxsyc on input line 
9.

(/home/claudio/texlive/2020/texmf-dist/tex/latex/newtx/untxsyc.fd
File: untxsyc.fd 2012/04/12 Fontinst v1.933 font definitions for U/ntxsyc.
)
LaTeX Font Info:    Font shape `T1/ntxtlf/m/n' will be
(Font)              scaled to size 10.0pt on input line 15.
 [5






{/home/claudio/texlive/2020/texmf-var/fonts/map/pdftex/updmap/pdftex.map}]
LaTeX Font Info:    Font shape `T1/ntxtlf/m/it' will be
(Font)              scaled to size 11.5pt on input line 22.
) [6]
\openout2 = `editor/acknowledgement.aux'.


(./editor/acknowledgement.tex) [7




] [8



] (build/editor.toc
LaTeX Font Info:    Font shape `T1/ntxtlf/b/n' will be
(Font)              scaled to size 11.5pt on input line 1.
 [9] [10] [11] [12])
\tf@toc=\write7
\openout7 = `editor.toc'.


[13]
\openout2 = `editor/contriblist.aux'.

 (./editor/contriblist.tex [14



] [15]) [16]
\openout2 = `editor/acronym.aux'.

 (./editor/acronym.tex
LaTeX Font Info:    Trying to load font information for T1+ntxtt on input line 
12.

(/home/claudio/texlive/2020/texmf-dist/tex/latex/newtx/t1ntxtt.fd
File: t1ntxtt.fd 2012/04/20 v3.1
)
LaTeX Font Info:    Font shape `T1/ntxtt/m/n' will be
(Font)              scaled to size 11.5pt on input line 12.

! Font T1/ntxtt/m/n/11.5=t1xtt at 11.5pt not loadable: Metric (TFM) file not fo
und.
<to be read again> 
                   relax 
l.12 ...help of the Springer Nature enhanced \verb
                                                  |description| environment.
I wasn't able to read the size data for this font,
so I will ignore the font specification.
[Wizards can fix TFM files using TFtoPL/PLtoTF.]
You might try inserting a different font spec;
e.g., type `I\font<same font id>=<substitute font name>'.

Missing character: There is no d in font nullfont!
Missing character: There is no e in font nullfont!
Missing character: There is no s in font nullfont!
Missing character: There is no c in font nullfont!
Missing character: There is no r in font nullfont!
Missing character: There is no i in font nullfont!
Missing character: There is no p in font nullfont!
Missing character: There is no t in font nullfont!
Missing character: There is no i in font nullfont!
Missing character: There is no o in font nullfont!
Missing character: There is no n in font nullfont!
) [17




] [18



]
\openout2 = `editor/introduction.aux'.

 (./editor/introduction.tex
LaTeX Font Info:    Font shape `T1/ntxtlf/m/n' will be
(Font)              scaled to size 14.0pt on input line 58.
LaTeX Font Info:    Font shape `T1/ntxtlf/b/n' will be
(Font)              scaled to size 14.0pt on input line 58.


Package hyperref Warning: bookmark level for unknown titlech defaults to 0.

[1



]
Underfull \hbox (badness 10000) in paragraph at lines 65--67

 []


Underfull \hbox (badness 10000) in paragraph at lines 68--70

 []


Underfull \hbox (badness 10000) in paragraph at lines 71--74

 []

[2]
Underfull \hbox (badness 10000) in paragraph at lines 75--77

 []


Underfull \hbox (badness 10000) in paragraph at lines 78--80

 []


Underfull \hbox (badness 10000) in paragraph at lines 81--83

 []

[3]
Underfull \hbox (badness 10000) in paragraph at lines 84--86

 []


Underfull \hbox (badness 10000) in paragraph at lines 87--89

 []

) [4]
\openout2 = `Hazard/main.aux'.

 (./Hazard/main.tex
LaTeX Font Info:    Font shape `T1/ntxtlf/b/n' will be
(Font)              scaled to size 18.0pt on input line 3.
 [5




] [6]) (./Hazard/Earthquake_Ground_Shaking/main.tex
LaTeX Font Info:    Font shape `T1/ntxtlf/m/n' will be
(Font)              scaled to size 12.0pt on input line 65.
LaTeX Font Info:    Font shape `T1/ntxtlf/b/n' will be
(Font)              scaled to size 12.0pt on input line 65.

Underfull \hbox (badness 10000) in paragraph at lines 68--70

 []

[7



]
Underfull \hbox (badness 10000) in paragraph at lines 71--73

 []


Underfull \hbox (badness 10000) in paragraph at lines 76--78

 []


Underfull \hbox (badness 10000) in paragraph at lines 81--83

 []

[8]
Underfull \hbox (badness 10000) in paragraph at lines 84--86

 []


Underfull \hbox (badness 10000) in paragraph at lines 87--89

 []


Underfull \hbox (badness 10000) in paragraph at lines 90--92

 []


Underfull \hbox (badness 10000) in paragraph at lines 93--95

 []


Underfull \hbox (badness 10000) in paragraph at lines 96--98

 []


Underfull \hbox (badness 10000) in paragraph at lines 99--101

 []

[9]
Underfull \hbox (badness 10000) in paragraph at lines 102--104

 []


Underfull \hbox (badness 10000) in paragraph at lines 105--107

 []


Underfull \hbox (badness 10000) in paragraph at lines 108--110

 []


Underfull \hbox (badness 10000) in paragraph at lines 116--118

 []

[10]
Underfull \hbox (badness 10000) in paragraph at lines 119--121

 []


Underfull \hbox (badness 10000) in paragraph at lines 127--129

 []

[11]
Underfull \hbox (badness 10000) in paragraph at lines 130--132

 []


Underfull \hbox (badness 10000) in paragraph at lines 133--135

 []


Underfull \hbox (badness 10000) in paragraph at lines 136--138

 []


Underfull \hbox (badness 10000) in paragraph at lines 139--141

 []

[12]
Underfull \hbox (badness 10000) in paragraph at lines 142--144

 []


Underfull \hbox (badness 10000) in paragraph at lines 145--147

 []


Underfull \hbox (badness 10000) in paragraph at lines 148--150

 []


Underfull \hbox (badness 10000) in paragraph at lines 151--153

 []


Underfull \hbox (badness 10000) in paragraph at lines 154--156

 []


Underfull \hbox (badness 10000) in paragraph at lines 157--159

 []

[13]
Underfull \hbox (badness 10000) in paragraph at lines 160--162

 []


Underfull \hbox (badness 10000) in paragraph at lines 163--165

 []

) (./Hazard/Earthquake_Surface_Rupture/main.tex [14]
LaTeX Font Info:    Font shape `T1/ntxtlf/m/n' will be
(Font)              scaled to size 11.0pt on input line 64.
LaTeX Font Info:    Font shape `T1/ntxtlf/b/n' will be
(Font)              scaled to size 11.0pt on input line 64.

Underfull \hbox (badness 10000) in paragraph at lines 66--67

 []


Underfull \hbox (badness 10000) in paragraph at lines 68--70

 []


Underfull \hbox (badness 10000) in paragraph at lines 71--73

 []

[15


]
Underfull \hbox (badness 10000) in paragraph at lines 74--76

 []


Underfull \hbox (badness 10000) in paragraph at lines 77--79

 []


Underfull \hbox (badness 10000) in paragraph at lines 80--82

 []


Underfull \hbox (badness 10000) in paragraph at lines 84--85

 []

[16]
Underfull \hbox (badness 10000) in paragraph at lines 86--88

 []


Underfull \hbox (badness 10000) in paragraph at lines 89--91

 []


Underfull \hbox (badness 10000) in paragraph at lines 92--94

 []


Underfull \hbox (badness 10000) in paragraph at lines 98--100

 []


Underfull \hbox (badness 10000) in paragraph at lines 101--104

 []

[17]
Underfull \hbox (badness 10000) in paragraph at lines 105--107

 []


Underfull \hbox (badness 10000) in paragraph at lines 108--110

 []

[18]
Underfull \hbox (badness 10000) in paragraph at lines 126--127

 []


Underfull \hbox (badness 10000) in paragraph at lines 128--130

 []

[19]
Underfull \hbox (badness 10000) in paragraph at lines 131--133

 []


Underfull \hbox (badness 10000) in paragraph at lines 134--136

 []


Underfull \hbox (badness 10000) in paragraph at lines 137--139

 []


Underfull \hbox (badness 10000) in paragraph at lines 140--142

 []


Underfull \hbox (badness 10000) in paragraph at lines 143--145

 []

[20]
Underfull \hbox (badness 10000) in paragraph at lines 146--148

 []

) (./Hazard/Earthquake_Liquefaction/main.tex [21] [22


] [23]
Underfull \hbox (badness 10000) in paragraph at lines 70--72

 []


Underfull \hbox (badness 10000) in paragraph at lines 74--76

 []


Underfull \hbox (badness 10000) in paragraph at lines 77--80

 []


Underfull \hbox (badness 10000) in paragraph at lines 81--83

 []


Underfull \hbox (badness 10000) in paragraph at lines 90--91

 []

[24]
Underfull \hbox (badness 10000) in paragraph at lines 92--94

 []


Underfull \hbox (badness 10000) in paragraph at lines 95--97

 []


Underfull \hbox (badness 10000) in paragraph at lines 104--106

 []

[25]
Underfull \hbox (badness 10000) in paragraph at lines 114--116

 []

[26]
Underfull \hbox (badness 10000) in paragraph at lines 132--133

 []


Underfull \hbox (badness 10000) in paragraph at lines 134--136

 []

) (./Hazard/Earthquake_Landslide/main.tex [27] [28


]
Underfull \hbox (badness 10000) in paragraph at lines 39--40

 []

[29]
Underfull \hbox (badness 10000) in paragraph at lines 41--44

 []


Underfull \hbox (badness 10000) in paragraph at lines 45--47

 []


Underfull \hbox (badness 10000) in paragraph at lines 48--50

 []


Underfull \hbox (badness 10000) in paragraph at lines 51--53

 []


Underfull \hbox (badness 10000) in paragraph at lines 54--56

 []


Underfull \hbox (badness 10000) in paragraph at lines 57--59

 []


Underfull \hbox (badness 10000) in paragraph at lines 60--62

 []

[30]
Underfull \hbox (badness 10000) in paragraph at lines 68--69

 []


Underfull \hbox (badness 10000) in paragraph at lines 70--72

 []


Underfull \hbox (badness 10000) in paragraph at lines 73--75

 []


Underfull \hbox (badness 10000) in paragraph at lines 82--84

 []


Underfull \hbox (badness 10000) in paragraph at lines 85--88

 []

[31]
Underfull \hbox (badness 10000) in paragraph at lines 89--92

 []

[32] [33]
Underfull \hbox (badness 10000) in paragraph at lines 110--111

 []


Underfull \hbox (badness 10000) in paragraph at lines 112--114

 []


Underfull \hbox (badness 10000) in paragraph at lines 115--117

 []


Underfull \hbox (badness 10000) in paragraph at lines 118--120

 []

[34]
Underfull \hbox (badness 10000) in paragraph at lines 121--123

 []


Underfull \hbox (badness 10000) in paragraph at lines 124--126

 []


Underfull \hbox (badness 10000) in paragraph at lines 127--129

 []


Underfull \hbox (badness 10000) in paragraph at lines 130--132

 []


Underfull \hbox (badness 10000) in paragraph at lines 133--135

 []


Underfull \hbox (badness 10000) in paragraph at lines 136--138

 []

) (./Hazard/Storm_Wind/main.tex [35] [36


]
Underfull \hbox (badness 10000) in paragraph at lines 65--67

 []

[37]
Underfull \hbox (badness 10000) in paragraph at lines 68--70

 []


Underfull \hbox (badness 10000) in paragraph at lines 71--73

 []


Underfull \hbox (badness 10000) in paragraph at lines 74--76

 []

[38]
Underfull \hbox (badness 10000) in paragraph at lines 77--79

 []


Underfull \hbox (badness 10000) in paragraph at lines 80--82

 []


Underfull \hbox (badness 10000) in paragraph at lines 83--85

 []


Underfull \hbox (badness 10000) in paragraph at lines 86--88

 []

[39]
Underfull \hbox (badness 10000) in paragraph at lines 94--96

 []


Package natbib Warning: Citation `kepert2001dynamicsa' on page 40 undefined on 
input line 97.


Underfull \hbox (badness 10000) in paragraph at lines 97--99

 []

[40]
Underfull \hbox (badness 10000) in paragraph at lines 100--102

 []


Underfull \hbox (badness 10000) in paragraph at lines 103--105

 []


Underfull \hbox (badness 10000) in paragraph at lines 106--108

 []

[41]
Runaway argument?
{kepert2010slab-i,kepert2010slab-ii, kepert2014reply). It also states\ETC.
! Paragraph ended before \@citex was complete.
<to be read again> 
                   \par 
l.111 
      
I suspect you've forgotten a `}', causing me to apply this
control sequence to too much text. How can we recover?
My plan is to forget the whole thing and hope for the best.


Package natbib Warning: Citation `kepert2001dynamicsa' on page 42 undefined on 
input line 112.


Underfull \hbox (badness 10000) in paragraph at lines 112--114

 []


Underfull \hbox (badness 10000) in paragraph at lines 115--117

 []


Underfull \hbox (badness 10000) in paragraph at lines 118--120

 []

[42]) (./Hazard/Storm_Surge/main.tex [43] [44


] [45]
Underfull \hbox (badness 10000) in paragraph at lines 84--86

 []

[46]
Underfull \hbox (badness 10000) in paragraph at lines 87--89

 []


Package natbib Warning: Citation `deltaressystemsDelft3D2011' on page 47 undefi
ned on input line 90.


Underfull \hbox (badness 10000) in paragraph at lines 90--92

 []


Underfull \hbox (badness 10000) in paragraph at lines 93--95

 []

[47]
<Hazard/Storm_Surge/Figures/GEOCLAW_ADCIRC_comparison.png, id=1499, 1200.98688p
t x 599.74063pt>
File: Hazard/Storm_Surge/Figures/GEOCLAW_ADCIRC_comparison.png Graphic file (ty
pe png)
<use Hazard/Storm_Surge/Figures/GEOCLAW_ADCIRC_comparison.png>
Package pdftex.def Info: Hazard/Storm_Surge/Figures/GEOCLAW_ADCIRC_comparison.p
ng  used on input line 100.
(pdftex.def)             Requested size: 430.00462pt x 214.73509pt.
LaTeX Font Info:    Font shape `T1/ntxtlf/b/n' will be
(Font)              scaled to size 10.0pt on input line 101.
 [48 <./Hazard/Storm_Surge/Figures/GEOCLAW_ADCIRC_comparison.png>]
<Hazard/Storm_Surge/Figures/surge_validation.png, id=1529, 660.96938pt x 541.02
126pt>
File: Hazard/Storm_Surge/Figures/surge_validation.png Graphic file (type png)
<use Hazard/Storm_Surge/Figures/surge_validation.png>
Package pdftex.def Info: Hazard/Storm_Surge/Figures/surge_validation.png  used 
on input line 113.
(pdftex.def)             Requested size: 215.0023pt x 175.98666pt.
 [49 <./Hazard/Storm_Surge/Figures/surge_validation.png>] [50]
Underfull \hbox (badness 10000) in paragraph at lines 136--138

 []

[51]
LaTeX Font Info:    Trying to load font information for TS1+ntxtlf on input lin
e 142.
 (/home/claudio/texlive/2020/texmf-dist/tex/latex/newtx/ts1ntxtlf.fd
File: ts1ntxtlf.fd 2015/01/18 v1.0 fd file for TS1/ntxtlf
)
LaTeX Font Info:    Font shape `TS1/ntxtlf/m/n' will be
(Font)              scaled to size 11.5pt on input line 142.

! Font TS1/ntxtlf/m/n/11.5=ts1-qtmr at 11.5pt not loadable: Metric (TFM) file n
ot found.
<to be read again> 
                   relax 
l.142     \item S
                 patial and temporal information about wind fields and press...
I wasn't able to read the size data for this font,
so I will ignore the font specification.
[Wizards can fix TFM files using TFtoPL/PLtoTF.]
You might try inserting a different font spec;
e.g., type `I\font<same font id>=<substitute font name>'.

Missing character: There is no  in font nullfont!
Missing character: There is no  in font nullfont!
Missing character: There is no  in font nullfont!
Missing character: There is no  in font nullfont!
Missing character: There is no  in font nullfont!
Missing character: There is no  in font nullfont!

Underfull \hbox (badness 10000) in paragraph at lines 156--158

 []

[52]
Underfull \hbox (badness 10000) in paragraph at lines 174--176

 []


Underfull \hbox (badness 10000) in paragraph at lines 177--179

 []


Underfull \hbox (badness 10000) in paragraph at lines 180--182

 []

[53]
Missing character: There is no  in font nullfont!
Missing character: There is no  in font nullfont!
Missing character: There is no  in font nullfont!
) (./Hazard/Tsunami/main.tex [54] [55] [56


] [57] [58]) [59]
\openout2 = `Response/main.aux'.


(./Response/main.tex [60



] [61] [62]) (./Response/Structural/main.tex [63



]
[64] [65]
Underfull \hbox (badness 10000) in paragraph at lines 89--91

 []


Underfull \hbox (badness 10000) in paragraph at lines 92--94

 []

[66]
Underfull \hbox (badness 10000) in paragraph at lines 95--97

 []


Underfull \hbox (badness 10000) in paragraph at lines 98--100

 []

Missing character: There is no  in font nullfont!
Missing character: There is no  in font nullfont!

Overfull \hbox (15.57698pt too wide) in paragraph at lines 104--105
[]\T1/ntxtlf/m/n/11.5 ABAQUS Uni-fied FEA (see https://www.3ds.com/products-ser
vices/simulia/products/abaqus/). 
 []

Missing character: There is no  in font nullfont!
Missing character: There is no  in font nullfont!
Missing character: There is no  in font nullfont!
[67]) (./Response/Geotechnical/main.tex [68] [69


] [70] [71] [72]
LaTeX Font Info:    Font shape `T1/ntxtlf/b/it' will be
(Font)              scaled to size 11.5pt on input line 105.
 [73]
Missing character: There is no  in font nullfont!
Missing character: There is no  in font nullfont!
Missing character: There is no  in font nullfont!
Missing character: There is no  in font nullfont!
Missing character: There is no  in font nullfont!
Missing character: There is no  in font nullfont!
 [74]
Underfull \hbox (badness 10000) in paragraph at lines 129--130

 []


Underfull \hbox (badness 10000) in paragraph at lines 131--133

 []


Underfull \hbox (badness 10000) in paragraph at lines 134--136

 []


Underfull \hbox (badness 10000) in paragraph at lines 137--139

 []


Underfull \hbox (badness 10000) in paragraph at lines 140--141

 []

[75]
Underfull \hbox (badness 10000) in paragraph at lines 142--144

 []


Underfull \hbox (badness 10000) in paragraph at lines 145--147

 []


Overfull \hbox (8.85745pt too wide) in paragraph at lines 148--150
\T1/ntxtlf/m/n/11.5 Deep-soil (see http://deepsoil.cee.illinois.edu/) are well 
es-tab-lish tools to per-form one-dimensional
 []


Underfull \hbox (badness 10000) in paragraph at lines 148--150

 []


Underfull \hbox (badness 10000) in paragraph at lines 151--154

 []

[76]) (./Response/CFD_Wind/main.tex [77] [78


] [79] [80] [81] [82]
Underfull \hbox (badness 10000) in paragraph at lines 110--112

 []

[83]) (./Response/CFD_Water/main.tex [84] [85


] [86]) [87]
\openout2 = `Performance/main.aux'.


(./Performance/main.tex [88



] [89] [90]) (./Performance/Buildings/main.tex
Underfull \hbox (badness 10000) in paragraph at lines 67--69

 []


Underfull \hbox (badness 10000) in paragraph at lines 70--72

 []

[91



]
Underfull \hbox (badness 10000) in paragraph at lines 75--77

 []


Underfull \hbox (badness 10000) in paragraph at lines 78--80

 []


Underfull \hbox (badness 10000) in paragraph at lines 81--83

 []

[92]
Underfull \hbox (badness 10000) in paragraph at lines 86--88

 []

Missing character: There is no  in font nullfont!
Missing character: There is no  in font nullfont!
Missing character: There is no  in font nullfont!
Missing character: There is no  in font nullfont!
Missing character: There is no  in font nullfont!
[93]
Underfull \hbox (badness 10000) in paragraph at lines 113--115

 []


Underfull \hbox (badness 10000) in paragraph at lines 116--118

 []


Underfull \hbox (badness 10000) in paragraph at lines 119--121

 []


Underfull \hbox (badness 10000) in paragraph at lines 122--124

 []

[94]
Underfull \hbox (badness 10000) in paragraph at lines 125--127

 []


Underfull \hbox (badness 10000) in paragraph at lines 128--130

 []


Underfull \hbox (badness 10000) in paragraph at lines 131--133

 []

[95]
Underfull \hbox (badness 10000) in paragraph at lines 136--138

 []


Underfull \hbox (badness 10000) in paragraph at lines 139--141

 []

) (./Performance/Transportation/main.tex [96]
Underfull \hbox (badness 10000) in paragraph at lines 64--66

 []


Underfull \hbox (badness 10000) in paragraph at lines 67--69

 []

[97


]
Underfull \hbox (badness 10000) in paragraph at lines 70--72

 []


Underfull \hbox (badness 10000) in paragraph at lines 75--77

 []


Underfull \hbox (badness 10000) in paragraph at lines 78--80

 []


Underfull \hbox (badness 10000) in paragraph at lines 81--83

 []

[98]
Missing character: There is no  in font nullfont!
Missing character: There is no  in font nullfont!
Missing character: There is no  in font nullfont!
 [99]
Underfull \hbox (badness 10000) in paragraph at lines 106--108

 []


Underfull \hbox (badness 10000) in paragraph at lines 109--111

 []

Missing character: There is no  in font nullfont!
[100]
Missing character: There is no  in font nullfont!
Missing character: There is no  in font nullfont!
Missing character: There is no  in font nullfont!
) (./Performance/Pipelines/main.tex [101] [102


] [103]
Missing character: There is no  in font nullfont!
Missing character: There is no  in font nullfont!
 [104]
Missing character: There is no  in font nullfont!
Missing character: There is no  in font nullfont!
Missing character: There is no  in font nullfont!
Missing character: There is no  in font nullfont!
Missing character: There is no  in font nullfont!
Missing character: There is no  in font nullfont!
Missing character: There is no  in font nullfont!
 [105]
Missing character: There is no  in font nullfont!

Underfull \hbox (badness 10000) in paragraph at lines 116--118

 []


Underfull \hbox (badness 10000) in paragraph at lines 119--121

 []

[106]
Underfull \hbox (badness 10000) in paragraph at lines 122--124

 []


Underfull \hbox (badness 10000) in paragraph at lines 125--127

 []

[107]) (./Performance/Power/main.tex [108] [109


]
Underfull \hbox (badness 10000) in paragraph at lines 77--79

 []


Underfull \hbox (badness 10000) in paragraph at lines 80--82

 []

[110]) [111]
\openout2 = `Recovery/main.aux'.

 (./Recovery/main.tex [112



] [113]

LaTeX Warning: File `Resilience_concepts.png' not found on input line 11.


! Package pdftex.def Error: File `Resilience_concepts.png' not found: using dra
ft setting.

See the pdftex.def package documentation for explanation.
Type  H <return>  for immediate help.
 ...                                              
                                                  
l.11 ...width, angle = 0]{Resilience_concepts.png}
                                                  
Try typing  <return>  to proceed.
If that doesn't work, type  X <return>  to quit.

LaTeX Font Info:    Font shape `T1/ntxtt/m/n' will be
(Font)              scaled to size 10.0pt on input line 11.
! Font T1/ntxtt/m/n/10=t1xtt at 10.0pt not loadable: Metric (TFM) file not foun
d.
<to be read again> 
                   relax 
l.11 ...width, angle = 0]{Resilience_concepts.png}
                                                  
I wasn't able to read the size data for this font,
so I will ignore the font specification.
[Wizards can fix TFM files using TFtoPL/PLtoTF.]
You might try inserting a different font spec;
e.g., type `I\font<same font id>=<substitute font name>'.

Missing character: There is no R in font nullfont!
Missing character: There is no e in font nullfont!
Missing character: There is no s in font nullfont!
Missing character: There is no i in font nullfont!
Missing character: There is no l in font nullfont!
Missing character: There is no i in font nullfont!
Missing character: There is no e in font nullfont!
Missing character: There is no n in font nullfont!
Missing character: There is no c in font nullfont!
Missing character: There is no e in font nullfont!
Missing character: There is no _ in font nullfont!
Missing character: There is no c in font nullfont!
Missing character: There is no o in font nullfont!
Missing character: There is no n in font nullfont!
Missing character: There is no c in font nullfont!
Missing character: There is no e in font nullfont!
Missing character: There is no p in font nullfont!
Missing character: There is no t in font nullfont!
Missing character: There is no s in font nullfont!
Missing character: There is no . in font nullfont!
Missing character: There is no p in font nullfont!
Missing character: There is no n in font nullfont!
Missing character: There is no g in font nullfont!
[114]) [115] (./Recovery/Communities/main.tex [116



] [117]
<Recovery/Communities/Figures/CommunityRecovery.png, id=2155, 427.5975pt x 344.
03531pt>
File: Recovery/Communities/Figures/CommunityRecovery.png Graphic file (type png
)
<use Recovery/Communities/Figures/CommunityRecovery.png>
Package pdftex.def Info: Recovery/Communities/Figures/CommunityRecovery.png  us
ed on input line 96.
(pdftex.def)             Requested size: 344.005pt x 276.77724pt.
 [118] [119 <./Recovery/Communities/Figures/CommunityRecovery.png>] [120])
(./Recovery/Infrastructure_Systems/main.tex [121] [122


] [123]
<Recovery/Infrastructure_Systems/Figures/Interdependencies.png, id=2236, 589.24
14pt x 277.9986pt>
File: Recovery/Infrastructure_Systems/Figures/Interdependencies.png Graphic fil
e (type png)
<use Recovery/Infrastructure_Systems/Figures/Interdependencies.png>
Package pdftex.def Info: Recovery/Infrastructure_Systems/Figures/Interdependenc
ies.png  used on input line 79.
(pdftex.def)             Requested size: 344.005pt x 162.30402pt.
 [124] [125 <./Recovery/Infrastructure_Systems/Figures/Interdependencies.png>] 
[126] [127]
[128]) (./Recovery/Housing/main.tex [129] [130


] [131] [132]
<Recovery/Housing/Figures/HousingRecovery.png, id=2558, 351.714pt x 422.5386pt>

File: Recovery/Housing/Figures/HousingRecovery.png Graphic file (type png)
<use Recovery/Housing/Figures/HousingRecovery.png>
Package pdftex.def Info: Recovery/Housing/Figures/HousingRecovery.png  used on 
input line 85.
(pdftex.def)             Requested size: 344.005pt x 413.30487pt.
 [133] [134 <./Recovery/Housing/Figures/HousingRecovery.png>] [135])
(./Recovery/Businesses/main.tex [136

] [137


] [138] [139]) [140]
\openout2 = `CrossCutting/main.aux'.


(./CrossCutting/main.tex [141



] [142]) (./CrossCutting/Uncertainty/main.tex
[143



] [144] [145] [146] [147] [148] [149] [150]
Missing character: There is no  in font nullfont!
 [151]
Missing character: There is no  in font nullfont!
Missing character: There is no  in font nullfont!
Missing character: There is no  in font nullfont!
Missing character: There is no  in font nullfont!
Missing character: There is no  in font nullfont!
Missing character: There is no  in font nullfont!
 [152]
Missing character: There is no  in font nullfont!

Underfull \hbox (badness 10000) in paragraph at lines 104--106

 []


Underfull \hbox (badness 10000) in paragraph at lines 107--109

 []


Underfull \hbox (badness 10000) in paragraph at lines 110--112

 []


Underfull \hbox (badness 10000) in paragraph at lines 113--115

 []

[153]) (./CrossCutting/AI/main.tex [154] [155


]
Underfull \hbox (badness 10000) in paragraph at lines 45--47

 []

[156]
Underfull \hbox (badness 10000) in paragraph at lines 48--50

 []

[157]
Underfull \hbox (badness 10000) in paragraph at lines 51--53

 []

[158]
Missing character: There is no  in font nullfont!
Missing character: There is no  in font nullfont!
 [159]
Missing character: There is no  in font nullfont!
Missing character: There is no  in font nullfont!
 [160]
<CrossCutting/AI/Figures/AI_NHE_Computational_Framework.png, id=4033, 1103.6231
2pt x 459.21562pt>
File: CrossCutting/AI/Figures/AI_NHE_Computational_Framework.png Graphic file (
type png)
<use CrossCutting/AI/Figures/AI_NHE_Computational_Framework.png>
Package pdftex.def Info: CrossCutting/AI/Figures/AI_NHE_Computational_Framework
.png  used on input line 79.
(pdftex.def)             Requested size: 430.00462pt x 178.9252pt.
 [161 <./CrossCutting/AI/Figures/AI_NHE_Computational_Framework.png>]
<CrossCutting/AI/Figures/BIM_to_SAM.png, id=4048, 1151.30125pt x 531.48563pt>
File: CrossCutting/AI/Figures/BIM_to_SAM.png Graphic file (type png)
<use CrossCutting/AI/Figures/BIM_to_SAM.png>
Package pdftex.def Info: CrossCutting/AI/Figures/BIM_to_SAM.png  used on input 
line 94.
(pdftex.def)             Requested size: 430.00462pt x 198.50374pt.
 [162] [163 <./CrossCutting/AI/Figures/BIM_to_SAM.png>]
<CrossCutting/AI/Figures/soft_story_identification.png, id=4083, 1188.94188pt x
 755.82375pt>
File: CrossCutting/AI/Figures/soft_story_identification.png Graphic file (type 
png)
<use CrossCutting/AI/Figures/soft_story_identification.png>
Package pdftex.def Info: CrossCutting/AI/Figures/soft_story_identification.png 
 used on input line 109.
(pdftex.def)             Requested size: 430.00462pt x 273.35342pt.
 [164 <./CrossCutting/AI/Figures/soft_story_identification.png>] [165]
<CrossCutting/AI/Figures/AI_workflow_for_regional_analysis.png, id=4114, 1142.2
675pt x 710.655pt>
File: CrossCutting/AI/Figures/AI_workflow_for_regional_analysis.png Graphic fil
e (type png)
<use CrossCutting/AI/Figures/AI_workflow_for_regional_analysis.png>
Package pdftex.def Info: CrossCutting/AI/Figures/AI_workflow_for_regional_analy
sis.png  used on input line 126.
(pdftex.def)             Requested size: 430.00462pt x 267.52512pt.
 [166 <./CrossCutting/AI/Figures/AI_workflow_for_regional_analysis.png>] [167]

Package natbib Warning: Citation `Nickel et al.' on page 168 undefined on input
 line 140.


Package natbib Warning: Citation `2016' on page 168 undefined on input line 140
.

[168] [169] [170] [171] [172] [173]
Underfull \hbox (badness 10000) in paragraph at lines 188--190

 []


Underfull \hbox (badness 10000) in paragraph at lines 191--193

 []

[174]
Underfull \hbox (badness 10000) in paragraph at lines 194--196

 []


Underfull \hbox (badness 10000) in paragraph at lines 197--199

 []


Underfull \hbox (badness 10000) in paragraph at lines 200--202

 []


Underfull \hbox (badness 10000) in paragraph at lines 203--205

 []


Underfull \hbox (badness 10000) in paragraph at lines 206--208

 []

[175]
Underfull \hbox (badness 10000) in paragraph at lines 209--211

 []

) [176] [177




] [178


]
\openout2 = `editor/appendix.aux'.

 (./editor/appendix.texpdfTeX warning (ext4): destination with the same identif
ier (name{chapter.1}) has been already used, duplicate ignored
<to be read again> 
                   \relax 
l.9 \chapter{List of Software Tools}
                                    
Appendix A.

LaTeX Warning: No positions in optional float specifier.
               Default added (so using `htbp') on input line 40.


Underfull \hbox (badness 10000) in paragraph at lines 55--57

 []

[179



]) [180]
\openout2 = `editor/glossary.aux'.

 (./editor/glossary.tex) [181




] (build/editor.bbl [182



] [183]
[184] [185] [186] [187] [188] [189] [190] [191] [192] [193] [194] [195]
[196] [197] [198] [199] [200] [201] [202] [203] [204] [205] [206] [207]
[208]

! Package inputenc Error: Unicode character  (U+05F3)
(inputenc)                not set up for use with LaTeX.

See the inputenc package documentation for explanation.
Type  H <return>  for immediate help.
 ...                                              
                                                  
l.2642   first-order {{Sobol}}
                                 index.
You may provide a definition with
\DeclareUnicodeCharacter 

[209] [210] [211] [212] [213] [214] [215] [216] [217] [218] [219]
LaTeX Font Info:    Font shape `TS1/ntxtlf/m/it' will be
(Font)              scaled to size 11.5pt on input line 3699.

! Font TS1/ntxtlf/m/it/11.5=ts1-qtmri at 11.5pt not loadable: Metric (TFM) file
 not found.
<to be read again> 
                   relax 
l.3699   Retrieval}
                   , 14\penalty0 (4):\penalty0 1--158, 2020.
I wasn't able to read the size data for this font,
so I will ignore the font specification.
[Wizards can fix TFM files using TFtoPL/PLtoTF.]
You might try inserting a different font spec;
e.g., type `I\font<same font id>=<substitute font name>'.

Missing character: There is no  in font nullfont!
[220] [221] [222] [223] [224] [225] [226] [227] [228] [229] [230] [231])
No file editor.ind.
\tf@thm=\write8
\openout8 = `editor.thm'.


Package natbib Warning: There were undefined citations.

Package atveryend Info: Empty hook `BeforeClearDocument' on input line 145.
[232]
Package atveryend Info: Empty hook `AfterLastShipout' on input line 145.
 (build/editor.aux (build/editor/preface.aux)
(build/editor/acknowledgement.aux) (build/editor/contriblist.aux)
(build/editor/acronym.aux) (build/editor/introduction.aux)
(build/Hazard/main.aux) (build/Response/main.aux) (build/Performance/main.aux)
(build/Recovery/main.aux) (build/CrossCutting/main.aux)
(build/editor/appendix.aux) (build/editor/glossary.aux))
Package atveryend Info: Executing hook `AtVeryEndDocument' on input line 145.
Package atveryend Info: Executing hook `AtEndAfterFileList' on input line 145.
Package rerunfilecheck Info: File `editor.out' has not changed.
(rerunfilecheck)             Checksum: 85F50EC0ABD4B151ED0A31D2885B7555;9197.


LaTeX Font Warning: Size substitutions with differences
(Font)              up to 0.5pt have occurred.


LaTeX Warning: There were multiply-defined labels.

 )
(\end occurred inside a group at level 1)

### semi simple group (level 1) entered at line 109 (\begingroup)
### bottom level 
Here is how much of TeX's memory you used:
 15802 strings out of 482841
 251183 string characters out of 5955997
 555876 words of memory out of 5000000
 29592 multiletter control sequences out of 15000+600000
 605222 words of font info for 107 fonts, out of 8000000 for 9000
 14 hyphenation exceptions out of 8191
 43i,10n,43p,2814b,1853s stack positions out of 5000i,500n,10000p,200000b,80000s
{/home/claudio/texlive/2020/texmf-dist/fonts/enc/dvips/newtx/nt
x-ec-tlf.enc}{/home/claudio/texlive/2020/texmf-dist/fonts/enc/dvips/newtx/ntx-o
t1-tlf.enc}</home/claudio/texlive/2020/texmf-dist/fonts/type1/public/newtx/NewT
XMI.pfb></home/claudio/texlive/2020/texmf-dist/fonts/type1/public/newtx/NewTXMI
7.pfb></home/claudio/texlive/2020/texmf-dist/fonts/type1/public/newtx/txexs.pfb
></home/claudio/texlive/2020/texmf-dist/fonts/type1/public/newtx/txmiaX.pfb></h
ome/claudio/texlive/2020/texmf-dist/fonts/type1/public/newtx/txsys.pfb></home/c
laudio/texlive/2020/texmf-dist/fonts/type1/public/newtx/ztmb.pfb></home/claudio
/texlive/2020/texmf-dist/fonts/type1/public/newtx/ztmbi.pfb></home/claudio/texl
ive/2020/texmf-dist/fonts/type1/public/newtx/ztmr.pfb></home/claudio/texlive/20
20/texmf-dist/fonts/type1/public/newtx/ztmri.pfb>
Output written on build/editor.pdf (246 pages, 11979422 bytes).
PDF statistics:
 4854 PDF objects out of 5155 (max. 8388607)
 4163 compressed objects within 42 object streams
 1096 named destinations out of 1200 (max. 500000)
 1062 words of extra memory for PDF output out of 10000 (max. 10000000)

