[Tue Nov 10 13:42:49 2020] running mktexlsr
[Tue Nov 10 13:42:50 2020] success, output:
mktexlsr: Updating /home/claudio/texlive/2020/texmf-config/ls-R... 
mktexlsr: Updating /home/claudio/texlive/2020/texmf-dist/ls-R... 
mktexlsr: Updating /home/claudio/texlive/2020/texmf-var/ls-R... 
mktexlsr: Updating /home/claudio/texlive/texmf-local/ls-R... 
mktexlsr: Done.
--end of output of mktexlsr.

[Thu Nov 12 12:58:36 2020] running mktexlsr
[Thu Nov 12 12:58:36 2020] success, output:
mktexlsr: Updating /home/claudio/texlive/2020/texmf-config/ls-R... 
mktexlsr: Updating /home/claudio/texlive/2020/texmf-dist/ls-R... 
mktexlsr: Updating /home/claudio/texlive/2020/texmf-var/ls-R... 
mktexlsr: Updating /home/claudio/texlive/texmf-local/ls-R... 
mktexlsr: Done.
--end of output of mktexlsr.

[Thu Nov 12 12:59:17 2020] running mktexlsr
[Thu Nov 12 12:59:17 2020] success, output:
mktexlsr: Updating /home/claudio/texlive/2020/texmf-config/ls-R... 
mktexlsr: Updating /home/claudio/texlive/2020/texmf-dist/ls-R... 
mktexlsr: Updating /home/claudio/texlive/2020/texmf-var/ls-R... 
mktexlsr: Updating /home/claudio/texlive/texmf-local/ls-R... 
mktexlsr: Done.
--end of output of mktexlsr.

[Thu Nov 12 12:59:39 2020] running mktexlsr
[Thu Nov 12 12:59:39 2020] success, output:
mktexlsr: Updating /home/claudio/texlive/2020/texmf-config/ls-R... 
mktexlsr: Updating /home/claudio/texlive/2020/texmf-dist/ls-R... 
mktexlsr: Updating /home/claudio/texlive/2020/texmf-var/ls-R... 
mktexlsr: Updating /home/claudio/texlive/texmf-local/ls-R... 
mktexlsr: Done.
--end of output of mktexlsr.

[Thu Nov 12 13:00:21 2020] running mktexlsr
[Thu Nov 12 13:00:21 2020] success, output:
mktexlsr: Updating /home/claudio/texlive/2020/texmf-config/ls-R... 
mktexlsr: Updating /home/claudio/texlive/2020/texmf-dist/ls-R... 
mktexlsr: Updating /home/claudio/texlive/2020/texmf-var/ls-R... 
mktexlsr: Updating /home/claudio/texlive/texmf-local/ls-R... 
mktexlsr: Done.
--end of output of mktexlsr.

[Thu Nov 12 13:00:50 2020] running mktexlsr
[Thu Nov 12 13:00:50 2020] success, output:
mktexlsr: Updating /home/claudio/texlive/2020/texmf-config/ls-R... 
mktexlsr: Updating /home/claudio/texlive/2020/texmf-dist/ls-R... 
mktexlsr: Updating /home/claudio/texlive/2020/texmf-var/ls-R... 
mktexlsr: Updating /home/claudio/texlive/texmf-local/ls-R... 
mktexlsr: Done.
--end of output of mktexlsr.

[Thu Nov 12 13:01:15 2020] running mktexlsr
[Thu Nov 12 13:01:15 2020] success, output:
mktexlsr: Updating /home/claudio/texlive/2020/texmf-config/ls-R... 
mktexlsr: Updating /home/claudio/texlive/2020/texmf-dist/ls-R... 
mktexlsr: Updating /home/claudio/texlive/2020/texmf-var/ls-R... 
mktexlsr: Updating /home/claudio/texlive/texmf-local/ls-R... 
mktexlsr: Done.
--end of output of mktexlsr.

